ls
pwd
test
ls
pwd
ls
hello
exit
hello here are multiple spaces
ls -l -h
exit
hello
pwd
ls
cd

exit
pwd
ls
ls -l - a
ls -l -a
exit
ls /Home/Documents
ls ~/Documents
exit
pwd
ls /home/zach/Documents
exit
ls
exit
ls
exit
pwd
ls
pwd
ls
exit
ls
pwd
exir
exit
pwd
ls
ls -l
ls --help
exit
ls
exit
ls
pwd
exit
ls
ls
exit
ls
pwd
ls -l
exit
ls
ls -l
la - a
ls -a
pwd
pwd 
exit
ls
ls -l
exit
ls
exit
ls
ls -l
exit
ls
exit
ls
pwd
pwd 
exit
ls
exit
ls
ls -a
exit
ls
ls 

exit
pwd
pwd 
exit
ls
pwd
exit
ls
exit
ls
exit
ls
ls
ls -a
ls -r
pwd
pwd
pwd  
pwd 
pwd 
exit
ls
ls
ls 
exit
ls
exit
ls
exit
ls
exit
ls
exit
ls
exit
ls
exit
exit
ls
exit
ls
pwd
exit
ls
exit
lsexitexitexitlspwdexitlspwdexithelloexitlspwdls-l-als-l-amkdirtemplspsps-hmanlsmanlsexiexitlsls-l-aexitlsls-lhellomakeexitls-aexithelloexithellols-aexithellolsls-als-lexitlsls-lexitls
ls -l
exit
ls
ls -l
ls /hello/
exit
ls
ls -l
exit
lsls-lexitlsls-lpwdlspwdls-aexitls-l-amkdirtempps-hmanlslslslslslslslslslslshellohellohellohellohellohellohellohellohellohellohellohellohellohelloexitlsls -l -apwdmkdir templsps -hman lsmanmanmanmanmanmanmanmanlslslslslslslsexitlslslslslsexitlslslslslsexitexitlspwdmkdir templslslslslsexittesthellptesthelloaksdflsasfsdfaasfsdfaasfsdfaexithellohellohelloexithellolslslsexitls -l -apwdls -l -alslslslsexit